[35m[1mScanning dependencies of target dynamic_reconfigure_generate_messages_eus[0m
[35m[1mScanning dependencies of target gtec_msgs_generate_messages_lisp[0m
[35m[1mScanning dependencies of target gtec_msgs_generate_messages_py[0m
[35m[1mScanning dependencies of target trajectory_msgs_generate_messages_lisp[0m
[35m[1mScanning dependencies of target trajectory_msgs_generate_messages_cpp[0m
[35m[1mScanning dependencies of target trajectory_msgs_generate_messages_nodejs[0m
[35m[1mScanning dependencies of target gazebo_msgs_generate_messages_nodejs[0m
[35m[1mScanning dependencies of target gazebo_msgs_generate_messages_py[0m
[35m[1mScanning dependencies of target gtec_msgs_generate_messages_nodejs[0m
[35m[1mScanning dependencies of target gazebo_msgs_generate_messages_cpp[0m
[35m[1mScanning dependencies of target std_srvs_generate_messages_lisp[0m
[35m[1mScanning dependencies of target geometry_msgs_generate_messages_eus[0m
[35m[1mScanning dependencies of target std_srvs_generate_messages_eus[0m
[35m[1mScanning dependencies of target dynamic_reconfigure_gencfg[0m
[  0%] Built target gtec_msgs_generate_messages_py
[  0%] Built target dynamic_reconfigure_generate_messages_eus
[  0%] Built target trajectory_msgs_generate_messages_cpp
[  0%] Built target trajectory_msgs_generate_messages_lisp
[  0%] Built target gazebo_msgs_generate_messages_nodejs
[  0%] Built target gazebo_msgs_generate_messages_cpp
[  0%] Built target gtec_msgs_generate_messages_nodejs
[  0%] Built target trajectory_msgs_generate_messages_nodejs
[  0%] Built target std_srvs_generate_messages_lisp
[  0%] Built target geometry_msgs_generate_messages_eus
[  0%] Built target gtec_msgs_generate_messages_lisp
[  0%] Built target gazebo_msgs_generate_messages_py
[  0%] Built target dynamic_reconfigure_gencfg
[35m[1mScanning dependencies of target actionlib_generate_messages_cpp[0m
[35m[1mScanning dependencies of target std_msgs_generate_messages_cpp[0m
[35m[1mScanning dependencies of target std_msgs_generate_messages_py[0m
[35m[1mScanning dependencies of target std_msgs_generate_messages_nodejs[0m
[35m[1mScanning dependencies of target dynamic_reconfigure_generate_messages_lisp[0m
[35m[1mScanning dependencies of target tf2_msgs_generate_messages_cpp[0m
[35m[1mScanning dependencies of target rosgraph_msgs_generate_messages_nodejs[0m
[35m[1mScanning dependencies of target actionlib_msgs_generate_messages_py[0m
[35m[1mScanning dependencies of target tf_generate_messages_eus[0m
[  0%] Built target std_srvs_generate_messages_eus
[35m[1mScanning dependencies of target actionlib_msgs_generate_messages_eus[0m
[35m[1mScanning dependencies of target rosgraph_msgs_generate_messages_lisp[0m
[35m[1mScanning dependencies of target dynamic_reconfigure_generate_messages_py[0m
[35m[1mScanning dependencies of target roscpp_generate_messages_lisp[0m
[  0%] Built target std_msgs_generate_messages_py
[  0%] Built target std_msgs_generate_messages_cpp
[  0%] Built target std_msgs_generate_messages_nodejs
[  0%] Built target rosgraph_msgs_generate_messages_nodejs
[  0%] Built target tf2_msgs_generate_messages_cpp
[  0%] Built target actionlib_generate_messages_cpp
[  0%] Built target actionlib_msgs_generate_messages_py
[  0%] Built target tf_generate_messages_eus
[  0%] Built target actionlib_msgs_generate_messages_eus
[  0%] Built target rosgraph_msgs_generate_messages_lisp
[35m[1mScanning dependencies of target actionlib_generate_messages_lisp[0m
[35m[1mScanning dependencies of target gtec_msgs_generate_messages_eus[0m
[35m[1mScanning dependencies of target rosgraph_msgs_generate_messages_py[0m
[35m[1mScanning dependencies of target std_msgs_generate_messages_lisp[0m
[  0%] Built target roscpp_generate_messages_lisp
[35m[1mScanning dependencies of target _catkin_empty_exported_target[0m
[  0%] Built target dynamic_reconfigure_generate_messages_lisp
[35m[1mScanning dependencies of target trajectory_msgs_generate_messages_eus[0m
[  0%] Built target dynamic_reconfigure_generate_messages_py
[35m[1mScanning dependencies of target std_srvs_generate_messages_cpp[0m
[  0%] Built target gtec_msgs_generate_messages_eus
[  0%] Built target std_msgs_generate_messages_lisp
[35m[1mScanning dependencies of target std_srvs_generate_messages_nodejs[0m
[35m[1mScanning dependencies of target geometry_msgs_generate_messages_lisp[0m
[  0%] Built target actionlib_generate_messages_lisp
[  0%] Built target _catkin_empty_exported_target
[35m[1mScanning dependencies of target tf_generate_messages_cpp[0m
[  0%] Built target rosgraph_msgs_generate_messages_py
[35m[1mScanning dependencies of target geometry_msgs_generate_messages_py[0m
[35m[1mScanning dependencies of target roscpp_generate_messages_nodejs[0m
[  0%] Built target trajectory_msgs_generate_messages_eus
[35m[1mScanning dependencies of target roscpp_generate_messages_py[0m
[35m[1mScanning dependencies of target gazebo_ros_gencfg[0m
[35m[1mScanning dependencies of target roscpp_generate_messages_cpp[0m
[35m[1mScanning dependencies of target roscpp_generate_messages_eus[0m
[  0%] Built target std_srvs_generate_messages_cpp
[35m[1mScanning dependencies of target sensor_msgs_generate_messages_py[0m
[  0%] Built target std_srvs_generate_messages_nodejs
[35m[1mScanning dependencies of target tf2_msgs_generate_messages_eus[0m
[  0%] Built target geometry_msgs_generate_messages_lisp
[35m[1mScanning dependencies of target gtec_msgs_generate_messages_cpp[0m
[  0%] Built target tf_generate_messages_cpp
[  0%] Built target geometry_msgs_generate_messages_py
[  0%] Built target roscpp_generate_messages_nodejs
[  0%] Built target roscpp_generate_messages_py
[  0%] Built target gazebo_ros_gencfg
[  0%] Built target roscpp_generate_messages_cpp
[35m[1mScanning dependencies of target gazebo_msgs_generate_messages_lisp[0m
[  0%] Built target sensor_msgs_generate_messages_py
[35m[1mScanning dependencies of target dynamic_reconfigure_generate_messages_nodejs[0m
[  0%] Built target tf2_msgs_generate_messages_eus
[35m[1mScanning dependencies of target geometry_msgs_generate_messages_cpp[0m
[35m[1mScanning dependencies of target std_srvs_generate_messages_py[0m
[  0%] Built target roscpp_generate_messages_eus
[35m[1mScanning dependencies of target tf2_msgs_generate_messages_py[0m
[  0%] Built target gtec_msgs_generate_messages_cpp
[35m[1mScanning dependencies of target rosgraph_msgs_generate_messages_eus[0m
[35m[1mScanning dependencies of target dynamic_reconfigure_generate_messages_cpp[0m
[35m[1mScanning dependencies of target tf_generate_messages_lisp[0m
[35m[1mScanning dependencies of target sensor_msgs_generate_messages_cpp[0m
[35m[1mScanning dependencies of target tf_generate_messages_nodejs[0m
[  0%] Built target gazebo_msgs_generate_messages_lisp
[35m[1mScanning dependencies of target sensor_msgs_generate_messages_eus[0m
[  0%] Built target dynamic_reconfigure_generate_messages_nodejs
[35m[1mScanning dependencies of target sensor_msgs_generate_messages_lisp[0m
[  0%] Built target std_srvs_generate_messages_py
[35m[1mScanning dependencies of target sensor_msgs_generate_messages_nodejs[0m
[  0%] Built target geometry_msgs_generate_messages_cpp
[  0%] Built target tf2_msgs_generate_messages_py
[  0%] Built target rosgraph_msgs_generate_messages_eus
[35m[1mScanning dependencies of target trajectory_msgs_generate_messages_py[0m
[  0%] Built target dynamic_reconfigure_generate_messages_cpp
[  0%] Built target tf_generate_messages_nodejs
[  0%] Built target tf_generate_messages_lisp
[  0%] Built target sensor_msgs_generate_messages_eus
[  0%] Built target sensor_msgs_generate_messages_cpp
[35m[1mScanning dependencies of target actionlib_generate_messages_eus[0m
[35m[1mScanning dependencies of target rosgraph_msgs_generate_messages_cpp[0m
[35m[1mScanning dependencies of target actionlib_msgs_generate_messages_cpp[0m
[  0%] Built target sensor_msgs_generate_messages_lisp
[35m[1mScanning dependencies of target actionlib_generate_messages_py[0m
[35m[1mScanning dependencies of target tf_generate_messages_py[0m
[35m[1mScanning dependencies of target actionlib_generate_messages_nodejs[0m
[  0%] Built target sensor_msgs_generate_messages_nodejs
[  0%] Built target trajectory_msgs_generate_messages_py
[35m[1mScanning dependencies of target actionlib_msgs_generate_messages_nodejs[0m
[35m[1mScanning dependencies of target actionlib_msgs_generate_messages_lisp[0m
[35m[1mScanning dependencies of target tf2_msgs_generate_messages_lisp[0m
[  0%] Built target rosgraph_msgs_generate_messages_cpp
[  0%] Built target actionlib_msgs_generate_messages_cpp
[  0%] Built target actionlib_generate_messages_eus
[35m[1mScanning dependencies of target std_msgs_generate_messages_eus[0m
[35m[1mScanning dependencies of target tf2_msgs_generate_messages_nodejs[0m
[  0%] Built target tf_generate_messages_py
[  0%] Built target actionlib_msgs_generate_messages_nodejs
[  0%] Built target actionlib_generate_messages_nodejs
[  0%] Built target actionlib_generate_messages_py
[  0%] Built target tf2_msgs_generate_messages_lisp
[35m[1mScanning dependencies of target geometry_msgs_generate_messages_nodejs[0m
[  0%] Built target actionlib_msgs_generate_messages_lisp
[35m[1mScanning dependencies of target gazebo_msgs_generate_messages_eus[0m
[  0%] Built target std_msgs_generate_messages_eus
[  0%] Built target tf2_msgs_generate_messages_nodejs
[  0%] Built target geometry_msgs_generate_messages_nodejs
[  0%] Built target gazebo_msgs_generate_messages_eus
[35m[1mScanning dependencies of target gtec_tag_pos_publisher_plugin[0m
[35m[1mScanning dependencies of target gtec_uwb_plugin[0m
[35m[1mScanning dependencies of target custom_skid_steer_drive[0m
[35m[1mScanning dependencies of target gtec_magnetic_distortion_plugin[0m
[ 12%] [32mBuilding CXX object CMakeFiles/gtec_uwb_plugin.dir/src/UwbPlugin.cpp.o[0m
[ 25%] [32mBuilding CXX object CMakeFiles/gtec_magnetic_distortion_plugin.dir/src/MagneticDistortionPlugin.cpp.o[0m
[ 37%] [32mBuilding CXX object CMakeFiles/custom_skid_steer_drive.dir/src/CustomSkidSteerDrive.cpp.o[0m
[ 50%] [32mBuilding CXX object CMakeFiles/gtec_tag_pos_publisher_plugin.dir/src/TagPosPublisherPlugin.cpp.o[0m
[ 62%] [32m[1mLinking CXX shared library libgtec_tag_pos_publisher_plugin.so[0m
[ 62%] Built target gtec_tag_pos_publisher_plugin
[ 75%] [32m[1mLinking CXX shared library libcustom_skid_steer_drive.so[0m
[ 75%] Built target custom_skid_steer_drive
[ 87%] [32m[1mLinking CXX shared library libgtec_magnetic_distortion_plugin.so[0m
[ 87%] Built target gtec_magnetic_distortion_plugin
[100%] [32m[1mLinking CXX shared library libgtec_uwb_plugin.so[0m
[100%] Built target gtec_uwb_plugin
