[35m[1mScanning dependencies of target _gtec_msgs_generate_messages_check_deps_RadarRangeAzimuth[0m
[35m[1mScanning dependencies of target _gtec_msgs_generate_messages_check_deps_DoorCounterEvent[0m
[35m[1mScanning dependencies of target _gtec_msgs_generate_messages_check_deps_UWBRanging[0m
[35m[1mScanning dependencies of target _gtec_msgs_generate_messages_check_deps_PozyxRanging[0m
[35m[1mScanning dependencies of target _gtec_msgs_generate_messages_check_deps_ZoneOccupancy[0m
[35m[1mScanning dependencies of target _gtec_msgs_generate_messages_check_deps_ESP32S2FTMRangingExtra[0m
[35m[1mScanning dependencies of target _gtec_msgs_generate_messages_check_deps_ESP32S2FTMFrame[0m
[35m[1mScanning dependencies of target _gtec_msgs_generate_messages_check_deps_RangingDiff[0m
[35m[1mScanning dependencies of target _gtec_msgs_generate_messages_check_deps_RadarFusedPointStamped[0m
[35m[1mScanning dependencies of target _gtec_msgs_generate_messages_check_deps_ESP32S2FTMRanging[0m
[35m[1mScanning dependencies of target _gtec_msgs_generate_messages_check_deps_RadarRangeDoppler[0m
[35m[1mScanning dependencies of target geometry_msgs_generate_messages_cpp[0m
[35m[1mScanning dependencies of target _gtec_msgs_generate_messages_check_deps_RadarCube[0m
[35m[1mScanning dependencies of target _gtec_msgs_generate_messages_check_deps_Ranging[0m
[35m[1mScanning dependencies of target _gtec_msgs_generate_messages_check_deps_DWRanging[0m
[  0%] Built target geometry_msgs_generate_messages_cpp
[35m[1mScanning dependencies of target _gtec_msgs_generate_messages_check_deps_PozyxRangingWithCir[0m
[  0%] Built target _gtec_msgs_generate_messages_check_deps_RadarRangeAzimuth
[  0%] Built target _gtec_msgs_generate_messages_check_deps_RangingDiff
[  0%] Built target _gtec_msgs_generate_messages_check_deps_ESP32S2FTMRangingExtra
[  0%] Built target _gtec_msgs_generate_messages_check_deps_ESP32S2FTMFrame
[  0%] Built target _gtec_msgs_generate_messages_check_deps_DoorCounterEvent
[  0%] Built target _gtec_msgs_generate_messages_check_deps_RadarCube
[  0%] Built target _gtec_msgs_generate_messages_check_deps_RadarRangeDoppler
[  0%] Built target _gtec_msgs_generate_messages_check_deps_RadarFusedPointStamped
[  0%] Built target _gtec_msgs_generate_messages_check_deps_UWBRanging
[  0%] Built target _gtec_msgs_generate_messages_check_deps_Ranging
[  0%] Built target _gtec_msgs_generate_messages_check_deps_ESP32S2FTMRanging
[  0%] Built target _gtec_msgs_generate_messages_check_deps_ZoneOccupancy
[  0%] Built target _gtec_msgs_generate_messages_check_deps_PozyxRanging
[35m[1mScanning dependencies of target geometry_msgs_generate_messages_nodejs[0m
[35m[1mScanning dependencies of target _gtec_msgs_generate_messages_check_deps_GenericRanging[0m
[35m[1mScanning dependencies of target std_msgs_generate_messages_cpp[0m
[35m[1mScanning dependencies of target geometry_msgs_generate_messages_py[0m
[35m[1mScanning dependencies of target std_msgs_generate_messages_py[0m
[35m[1mScanning dependencies of target std_msgs_generate_messages_nodejs[0m
[35m[1mScanning dependencies of target geometry_msgs_generate_messages_lisp[0m
[35m[1mScanning dependencies of target std_msgs_generate_messages_eus[0m
[35m[1mScanning dependencies of target std_msgs_generate_messages_lisp[0m
[35m[1mScanning dependencies of target geometry_msgs_generate_messages_eus[0m
[  0%] Built target _gtec_msgs_generate_messages_check_deps_PozyxRangingWithCir
[  0%] Built target geometry_msgs_generate_messages_nodejs
[  0%] Built target std_msgs_generate_messages_cpp
[  0%] Built target geometry_msgs_generate_messages_py
[  0%] Built target std_msgs_generate_messages_py
[  0%] Built target std_msgs_generate_messages_nodejs
[  0%] Built target geometry_msgs_generate_messages_lisp
[  0%] Built target std_msgs_generate_messages_lisp
[  0%] Built target std_msgs_generate_messages_eus
[  0%] Built target geometry_msgs_generate_messages_eus
[  0%] Built target _gtec_msgs_generate_messages_check_deps_DWRanging
[  0%] Built target _gtec_msgs_generate_messages_check_deps_GenericRanging
[35m[1mScanning dependencies of target gtec_msgs_generate_messages_lisp[0m
[35m[1mScanning dependencies of target gtec_msgs_generate_messages_eus[0m
[35m[1mScanning dependencies of target gtec_msgs_generate_messages_py[0m
[35m[1mScanning dependencies of target gtec_msgs_generate_messages_cpp[0m
[35m[1mScanning dependencies of target gtec_msgs_generate_messages_nodejs[0m
[  1%] [34m[1mGenerating Javascript code from gtec_msgs/Ranging.msg[0m
[  2%] [34m[1mGenerating Lisp code from gtec_msgs/Ranging.msg[0m
[  4%] [34m[1mGenerating C++ code from gtec_msgs/GenericRanging.msg[0m
[  4%] [34m[1mGenerating Lisp code from gtec_msgs/GenericRanging.msg[0m
[  6%] [34m[1mGenerating C++ code from gtec_msgs/Ranging.msg[0m
[ 10%] [34m[1mGenerating Javascript code from gtec_msgs/GenericRanging.msg[0m
[ 10%] [34m[1mGenerating Python from MSG gtec_msgs/GenericRanging[0m
[ 10%] [34m[1mGenerating C++ code from gtec_msgs/UWBRanging.msg[0m
[ 10%] [34m[1mGenerating Lisp code from gtec_msgs/UWBRanging.msg[0m
[ 12%] [34m[1mGenerating EusLisp code from gtec_msgs/GenericRanging.msg[0m
[ 13%] [34m[1mGenerating Javascript code from gtec_msgs/UWBRanging.msg[0m
[ 14%] [34m[1mGenerating EusLisp code from gtec_msgs/Ranging.msg[0m
[ 15%] [34m[1mGenerating Javascript code from gtec_msgs/DWRanging.msg[0m
[ 17%] [34m[1mGenerating EusLisp code from gtec_msgs/UWBRanging.msg[0m
[ 18%] [34m[1mGenerating Python from MSG gtec_msgs/Ranging[0m
[ 19%] [34m[1mGenerating Python from MSG gtec_msgs/UWBRanging[0m
[ 20%] [34m[1mGenerating EusLisp code from gtec_msgs/DWRanging.msg[0m
[ 21%] [34m[1mGenerating EusLisp code from gtec_msgs/PozyxRanging.msg[0m
[ 23%] [34m[1mGenerating Javascript code from gtec_msgs/PozyxRanging.msg[0m
[ 24%] [34m[1mGenerating Javascript code from gtec_msgs/PozyxRangingWithCir.msg[0m
[ 25%] [34m[1mGenerating Javascript code from gtec_msgs/RangingDiff.msg[0m
[ 26%] [34m[1mGenerating Lisp code from gtec_msgs/DWRanging.msg[0m
[ 28%] [34m[1mGenerating Lisp code from gtec_msgs/PozyxRanging.msg[0m
[ 29%] [34m[1mGenerating Lisp code from gtec_msgs/RangingDiff.msg[0m
[ 30%] [34m[1mGenerating EusLisp code from gtec_msgs/RangingDiff.msg[0m
[ 31%] [34m[1mGenerating Python from MSG gtec_msgs/DWRanging[0m
[ 32%] [34m[1mGenerating Javascript code from gtec_msgs/ESP32S2FTMFrame.msg[0m
[ 34%] [34m[1mGenerating Lisp code from gtec_msgs/PozyxRangingWithCir.msg[0m
[ 35%] [34m[1mGenerating Lisp code from gtec_msgs/ESP32S2FTMFrame.msg[0m
[ 37%] [34m[1mGenerating Lisp code from gtec_msgs/ESP32S2FTMRanging.msg[0m
[ 37%] [34m[1mGenerating C++ code from gtec_msgs/DWRanging.msg[0m
[ 39%] [34m[1mGenerating Lisp code from gtec_msgs/ESP32S2FTMRangingExtra.msg[0m
[ 41%] [34m[1mGenerating EusLisp code from gtec_msgs/PozyxRangingWithCir.msg[0m
[ 42%] [34m[1mGenerating C++ code from gtec_msgs/RangingDiff.msg[0m
[ 42%] [34m[1mGenerating C++ code from gtec_msgs/PozyxRanging.msg[0m
[ 43%] [34m[1mGenerating C++ code from gtec_msgs/PozyxRangingWithCir.msg[0m
[ 46%] [34m[1mGenerating Lisp code from gtec_msgs/RadarCube.msg[0m
[ 46%] [34m[1mGenerating Lisp code from gtec_msgs/RadarRangeAzimuth.msg[0m
[ 47%] [34m[1mGenerating Javascript code from gtec_msgs/ESP32S2FTMRanging.msg[0m
[ 48%] [34m[1mGenerating C++ code from gtec_msgs/ESP32S2FTMFrame.msg[0m
[ 50%] [34m[1mGenerating Python from MSG gtec_msgs/PozyxRanging[0m
[ 51%] [34m[1mGenerating Lisp code from gtec_msgs/RadarRangeDoppler.msg[0m
[ 52%] [34m[1mGenerating Lisp code from gtec_msgs/RadarFusedPointStamped.msg[0m
[ 53%] [34m[1mGenerating Python from MSG gtec_msgs/RangingDiff[0m
[ 54%] [34m[1mGenerating EusLisp code from gtec_msgs/ESP32S2FTMFrame.msg[0m
[ 56%] [34m[1mGenerating Lisp code from gtec_msgs/DoorCounterEvent.msg[0m
[ 57%] [34m[1mGenerating Lisp code from gtec_msgs/ZoneOccupancy.msg[0m
[ 58%] [34m[1mGenerating Python from MSG gtec_msgs/PozyxRangingWithCir[0m
[ 59%] [34m[1mGenerating EusLisp code from gtec_msgs/ESP32S2FTMRanging.msg[0m
[ 60%] [34m[1mGenerating EusLisp code from gtec_msgs/ESP32S2FTMRangingExtra.msg[0m
[ 62%] [34m[1mGenerating Javascript code from gtec_msgs/ESP32S2FTMRangingExtra.msg[0m
[ 63%] [34m[1mGenerating Javascript code from gtec_msgs/RadarCube.msg[0m
[ 65%] [34m[1mGenerating Javascript code from gtec_msgs/RadarRangeAzimuth.msg[0m
[ 65%] [34m[1mGenerating C++ code from gtec_msgs/ESP32S2FTMRanging.msg[0m
[ 67%] [34m[1mGenerating C++ code from gtec_msgs/ESP32S2FTMRangingExtra.msg[0m
[ 68%] [34m[1mGenerating Javascript code from gtec_msgs/RadarRangeDoppler.msg[0m
[ 68%] Built target gtec_msgs_generate_messages_lisp
[ 69%] [34m[1mGenerating Javascript code from gtec_msgs/RadarFusedPointStamped.msg[0m
[ 70%] [34m[1mGenerating Python from MSG gtec_msgs/ESP32S2FTMFrame[0m
[ 71%] [34m[1mGenerating Javascript code from gtec_msgs/DoorCounterEvent.msg[0m
[ 73%] [34m[1mGenerating EusLisp code from gtec_msgs/RadarCube.msg[0m
[ 74%] [34m[1mGenerating Javascript code from gtec_msgs/ZoneOccupancy.msg[0m
[ 76%] [34m[1mGenerating C++ code from gtec_msgs/RadarRangeAzimuth.msg[0m
[ 76%] [34m[1mGenerating C++ code from gtec_msgs/RadarCube.msg[0m
[ 78%] [34m[1mGenerating EusLisp code from gtec_msgs/RadarRangeAzimuth.msg[0m
[ 79%] [34m[1mGenerating EusLisp code from gtec_msgs/RadarRangeDoppler.msg[0m
[ 80%] [34m[1mGenerating C++ code from gtec_msgs/RadarRangeDoppler.msg[0m
[ 81%] [34m[1mGenerating C++ code from gtec_msgs/RadarFusedPointStamped.msg[0m
[ 82%] [34m[1mGenerating C++ code from gtec_msgs/DoorCounterEvent.msg[0m
[ 82%] Built target gtec_msgs_generate_messages_nodejs
[ 84%] [34m[1mGenerating C++ code from gtec_msgs/ZoneOccupancy.msg[0m
[ 85%] [34m[1mGenerating Python from MSG gtec_msgs/ESP32S2FTMRanging[0m
[ 86%] [34m[1mGenerating EusLisp code from gtec_msgs/RadarFusedPointStamped.msg[0m
[ 87%] [34m[1mGenerating Python from MSG gtec_msgs/ESP32S2FTMRangingExtra[0m
[ 89%] [34m[1mGenerating EusLisp code from gtec_msgs/DoorCounterEvent.msg[0m
[ 90%] [34m[1mGenerating Python from MSG gtec_msgs/RadarCube[0m
[ 92%] [34m[1mGenerating EusLisp manifest code for gtec_msgs[0m
[ 92%] [34m[1mGenerating EusLisp code from gtec_msgs/ZoneOccupancy.msg[0m
[ 93%] [34m[1mGenerating Python from MSG gtec_msgs/RadarRangeAzimuth[0m
[ 95%] [34m[1mGenerating Python from MSG gtec_msgs/RadarRangeDoppler[0m
[ 97%] [34m[1mGenerating Python from MSG gtec_msgs/DoorCounterEvent[0m
[ 97%] [34m[1mGenerating Python from MSG gtec_msgs/RadarFusedPointStamped[0m
[ 98%] [34m[1mGenerating Python from MSG gtec_msgs/ZoneOccupancy[0m
[ 98%] Built target gtec_msgs_generate_messages_cpp
[100%] [34m[1mGenerating Python msg __init__.py for gtec_msgs[0m
[100%] Built target gtec_msgs_generate_messages_eus
[100%] Built target gtec_msgs_generate_messages_py
[35m[1mScanning dependencies of target gtec_msgs_generate_messages[0m
[100%] Built target gtec_msgs_generate_messages
