[  0%] Built target geometry_msgs_generate_messages_cpp
[  0%] Built target std_msgs_generate_messages_cpp
[  0%] Built target _gtec_msgs_generate_messages_check_deps_ZoneOccupancy
[  0%] Built target _gtec_msgs_generate_messages_check_deps_RadarRangeAzimuth
[  0%] Built target _gtec_msgs_generate_messages_check_deps_PozyxRangingWithCir
[  0%] Built target _gtec_msgs_generate_messages_check_deps_DoorCounterEvent
[  0%] Built target _gtec_msgs_generate_messages_check_deps_RadarRangeDoppler
[  0%] Built target _gtec_msgs_generate_messages_check_deps_ESP32S2FTMRangingExtra
[  0%] Built target _gtec_msgs_generate_messages_check_deps_ESP32S2FTMRanging
[  0%] Built target _gtec_msgs_generate_messages_check_deps_PozyxRanging
[  0%] Built target _gtec_msgs_generate_messages_check_deps_RangingDiff
[  0%] Built target _gtec_msgs_generate_messages_check_deps_UWBRanging
[  0%] Built target _gtec_msgs_generate_messages_check_deps_RadarCube
[  0%] Built target _gtec_msgs_generate_messages_check_deps_Ranging
[  0%] Built target _gtec_msgs_generate_messages_check_deps_DWRanging
[  0%] Built target _gtec_msgs_generate_messages_check_deps_RadarFusedPointStamped
[  0%] Built target _gtec_msgs_generate_messages_check_deps_ESP32S2FTMFrame
[  0%] Built target std_msgs_generate_messages_nodejs
[  0%] Built target geometry_msgs_generate_messages_nodejs
[  0%] Built target geometry_msgs_generate_messages_eus
[  0%] Built target std_msgs_generate_messages_eus
[  0%] Built target geometry_msgs_generate_messages_lisp
[  0%] Built target geometry_msgs_generate_messages_py
[  0%] Built target std_msgs_generate_messages_py
[  0%] Built target std_msgs_generate_messages_lisp
[  0%] Built target _gtec_msgs_generate_messages_check_deps_GenericRanging
[ 98%] Built target gtec_msgs_generate_messages_cpp
[ 98%] Built target gtec_msgs_generate_messages_nodejs
[ 98%] Built target gtec_msgs_generate_messages_lisp
[ 98%] Built target gtec_msgs_generate_messages_py
[100%] Built target gtec_msgs_generate_messages_eus
[100%] Built target gtec_msgs_generate_messages
