Symlinking /home/leowang707/UWB-gazebo/catkin_ws/devel/include/gtec_msgs/RadarRangeAzimuth.h
Symlinking /home/leowang707/UWB-gazebo/catkin_ws/devel/include/gtec_msgs/PozyxRanging.h
Symlinking /home/leowang707/UWB-gazebo/catkin_ws/devel/include/gtec_msgs/RadarRangeDoppler.h
Symlinking /home/leowang707/UWB-gazebo/catkin_ws/devel/include/gtec_msgs/RadarFusedPointStamped.h
Symlinking /home/leowang707/UWB-gazebo/catkin_ws/devel/include/gtec_msgs/ESP32S2FTMRanging.h
Symlinking /home/leowang707/UWB-gazebo/catkin_ws/devel/include/gtec_msgs/GenericRanging.h
Symlinking /home/leowang707/UWB-gazebo/catkin_ws/devel/include/gtec_msgs/DoorCounterEvent.h
Symlinking /home/leowang707/UWB-gazebo/catkin_ws/devel/include/gtec_msgs/RangingDiff.h
Symlinking /home/leowang707/UWB-gazebo/catkin_ws/devel/include/gtec_msgs/ZoneOccupancy.h
Symlinking /home/leowang707/UWB-gazebo/catkin_ws/devel/include/gtec_msgs/PozyxRangingWithCir.h
Symlinking /home/leowang707/UWB-gazebo/catkin_ws/devel/include/gtec_msgs/Ranging.h
Symlinking /home/leowang707/UWB-gazebo/catkin_ws/devel/include/gtec_msgs/DWRanging.h
Symlinking /home/leowang707/UWB-gazebo/catkin_ws/devel/include/gtec_msgs/UWBRanging.h
Symlinking /home/leowang707/UWB-gazebo/catkin_ws/devel/include/gtec_msgs/RadarCube.h
Symlinking /home/leowang707/UWB-gazebo/catkin_ws/devel/include/gtec_msgs/ESP32S2FTMFrame.h
Symlinking /home/leowang707/UWB-gazebo/catkin_ws/devel/include/gtec_msgs/ESP32S2FTMRangingExtra.h
Symlinking /home/leowang707/UWB-gazebo/catkin_ws/devel/share/common-lisp/ros/gtec_msgs/msg/ESP32S2FTMRangingExtra.lisp
Symlinking /home/leowang707/UWB-gazebo/catkin_ws/devel/share/common-lisp/ros/gtec_msgs/msg/_package_DWRanging.lisp
Symlinking /home/leowang707/UWB-gazebo/catkin_ws/devel/share/common-lisp/ros/gtec_msgs/msg/_package_RadarCube.lisp
Symlinking /home/leowang707/UWB-gazebo/catkin_ws/devel/share/common-lisp/ros/gtec_msgs/msg/_package_Ranging.lisp
Symlinking /home/leowang707/UWB-gazebo/catkin_ws/devel/share/common-lisp/ros/gtec_msgs/msg/_package_ESP32S2FTMFrame.lisp
Symlinking /home/leowang707/UWB-gazebo/catkin_ws/devel/share/common-lisp/ros/gtec_msgs/msg/_package_RadarRangeDoppler.lisp
Symlinking /home/leowang707/UWB-gazebo/catkin_ws/devel/share/common-lisp/ros/gtec_msgs/msg/UWBRanging.lisp
Symlinking /home/leowang707/UWB-gazebo/catkin_ws/devel/share/common-lisp/ros/gtec_msgs/msg/gtec_msgs-msg.asd
Symlinking /home/leowang707/UWB-gazebo/catkin_ws/devel/share/common-lisp/ros/gtec_msgs/msg/RadarCube.lisp
Symlinking /home/leowang707/UWB-gazebo/catkin_ws/devel/share/common-lisp/ros/gtec_msgs/msg/_package_UWBRanging.lisp
Symlinking /home/leowang707/UWB-gazebo/catkin_ws/devel/share/common-lisp/ros/gtec_msgs/msg/_package_RangingDiff.lisp
Symlinking /home/leowang707/UWB-gazebo/catkin_ws/devel/share/common-lisp/ros/gtec_msgs/msg/PozyxRanging.lisp
Symlinking /home/leowang707/UWB-gazebo/catkin_ws/devel/share/common-lisp/ros/gtec_msgs/msg/PozyxRangingWithCir.lisp
Symlinking /home/leowang707/UWB-gazebo/catkin_ws/devel/share/common-lisp/ros/gtec_msgs/msg/_package_DoorCounterEvent.lisp
Symlinking /home/leowang707/UWB-gazebo/catkin_ws/devel/share/common-lisp/ros/gtec_msgs/msg/_package_RadarFusedPointStamped.lisp
Symlinking /home/leowang707/UWB-gazebo/catkin_ws/devel/share/common-lisp/ros/gtec_msgs/msg/_package_PozyxRangingWithCir.lisp
Symlinking /home/leowang707/UWB-gazebo/catkin_ws/devel/share/common-lisp/ros/gtec_msgs/msg/RadarRangeAzimuth.lisp
Symlinking /home/leowang707/UWB-gazebo/catkin_ws/devel/share/common-lisp/ros/gtec_msgs/msg/_package_GenericRanging.lisp
Symlinking /home/leowang707/UWB-gazebo/catkin_ws/devel/share/common-lisp/ros/gtec_msgs/msg/_package_RadarRangeAzimuth.lisp
Symlinking /home/leowang707/UWB-gazebo/catkin_ws/devel/share/common-lisp/ros/gtec_msgs/msg/GenericRanging.lisp
Symlinking /home/leowang707/UWB-gazebo/catkin_ws/devel/share/common-lisp/ros/gtec_msgs/msg/RangingDiff.lisp
Symlinking /home/leowang707/UWB-gazebo/catkin_ws/devel/share/common-lisp/ros/gtec_msgs/msg/ESP32S2FTMRanging.lisp
Symlinking /home/leowang707/UWB-gazebo/catkin_ws/devel/share/common-lisp/ros/gtec_msgs/msg/RadarFusedPointStamped.lisp
Symlinking /home/leowang707/UWB-gazebo/catkin_ws/devel/share/common-lisp/ros/gtec_msgs/msg/_package_PozyxRanging.lisp
Symlinking /home/leowang707/UWB-gazebo/catkin_ws/devel/share/common-lisp/ros/gtec_msgs/msg/_package.lisp
Symlinking /home/leowang707/UWB-gazebo/catkin_ws/devel/share/common-lisp/ros/gtec_msgs/msg/ESP32S2FTMFrame.lisp
Symlinking /home/leowang707/UWB-gazebo/catkin_ws/devel/share/common-lisp/ros/gtec_msgs/msg/RadarRangeDoppler.lisp
Symlinking /home/leowang707/UWB-gazebo/catkin_ws/devel/share/common-lisp/ros/gtec_msgs/msg/_package_ESP32S2FTMRanging.lisp
Symlinking /home/leowang707/UWB-gazebo/catkin_ws/devel/share/common-lisp/ros/gtec_msgs/msg/DWRanging.lisp
Symlinking /home/leowang707/UWB-gazebo/catkin_ws/devel/share/common-lisp/ros/gtec_msgs/msg/Ranging.lisp
Symlinking /home/leowang707/UWB-gazebo/catkin_ws/devel/share/common-lisp/ros/gtec_msgs/msg/DoorCounterEvent.lisp
Symlinking /home/leowang707/UWB-gazebo/catkin_ws/devel/share/common-lisp/ros/gtec_msgs/msg/ZoneOccupancy.lisp
Symlinking /home/leowang707/UWB-gazebo/catkin_ws/devel/share/common-lisp/ros/gtec_msgs/msg/_package_ESP32S2FTMRangingExtra.lisp
Symlinking /home/leowang707/UWB-gazebo/catkin_ws/devel/share/common-lisp/ros/gtec_msgs/msg/_package_ZoneOccupancy.lisp
Symlinking /home/leowang707/UWB-gazebo/catkin_ws/devel/share/roseus/ros/gtec_msgs/manifest.l
Symlinking /home/leowang707/UWB-gazebo/catkin_ws/devel/share/roseus/ros/gtec_msgs/msg/PozyxRangingWithCir.l
Symlinking /home/leowang707/UWB-gazebo/catkin_ws/devel/share/roseus/ros/gtec_msgs/msg/UWBRanging.l
Symlinking /home/leowang707/UWB-gazebo/catkin_ws/devel/share/roseus/ros/gtec_msgs/msg/RadarCube.l
Symlinking /home/leowang707/UWB-gazebo/catkin_ws/devel/share/roseus/ros/gtec_msgs/msg/RadarFusedPointStamped.l
Symlinking /home/leowang707/UWB-gazebo/catkin_ws/devel/share/roseus/ros/gtec_msgs/msg/ESP32S2FTMRanging.l
Symlinking /home/leowang707/UWB-gazebo/catkin_ws/devel/share/roseus/ros/gtec_msgs/msg/ZoneOccupancy.l
Symlinking /home/leowang707/UWB-gazebo/catkin_ws/devel/share/roseus/ros/gtec_msgs/msg/GenericRanging.l
Symlinking /home/leowang707/UWB-gazebo/catkin_ws/devel/share/roseus/ros/gtec_msgs/msg/ESP32S2FTMFrame.l
Symlinking /home/leowang707/UWB-gazebo/catkin_ws/devel/share/roseus/ros/gtec_msgs/msg/ESP32S2FTMRangingExtra.l
Symlinking /home/leowang707/UWB-gazebo/catkin_ws/devel/share/roseus/ros/gtec_msgs/msg/RadarRangeAzimuth.l
Symlinking /home/leowang707/UWB-gazebo/catkin_ws/devel/share/roseus/ros/gtec_msgs/msg/RadarRangeDoppler.l
Symlinking /home/leowang707/UWB-gazebo/catkin_ws/devel/share/roseus/ros/gtec_msgs/msg/Ranging.l
Symlinking /home/leowang707/UWB-gazebo/catkin_ws/devel/share/roseus/ros/gtec_msgs/msg/RangingDiff.l
Symlinking /home/leowang707/UWB-gazebo/catkin_ws/devel/share/roseus/ros/gtec_msgs/msg/DWRanging.l
Symlinking /home/leowang707/UWB-gazebo/catkin_ws/devel/share/roseus/ros/gtec_msgs/msg/PozyxRanging.l
Symlinking /home/leowang707/UWB-gazebo/catkin_ws/devel/share/roseus/ros/gtec_msgs/msg/DoorCounterEvent.l
Symlinking /home/leowang707/UWB-gazebo/catkin_ws/devel/share/gtec_msgs/cmake/gtec_msgs-msg-extras.cmake
Symlinking /home/leowang707/UWB-gazebo/catkin_ws/devel/share/gtec_msgs/cmake/gtec_msgsConfig-version.cmake
Symlinking /home/leowang707/UWB-gazebo/catkin_ws/devel/share/gtec_msgs/cmake/gtec_msgs-msg-paths.cmake
Symlinking /home/leowang707/UWB-gazebo/catkin_ws/devel/share/gtec_msgs/cmake/gtec_msgsConfig.cmake
Symlinking /home/leowang707/UWB-gazebo/catkin_ws/devel/share/gennodejs/ros/gtec_msgs/_index.js
Symlinking /home/leowang707/UWB-gazebo/catkin_ws/devel/share/gennodejs/ros/gtec_msgs/msg/ESP32S2FTMFrame.js
Symlinking /home/leowang707/UWB-gazebo/catkin_ws/devel/share/gennodejs/ros/gtec_msgs/msg/RadarRangeAzimuth.js
Symlinking /home/leowang707/UWB-gazebo/catkin_ws/devel/share/gennodejs/ros/gtec_msgs/msg/GenericRanging.js
Symlinking /home/leowang707/UWB-gazebo/catkin_ws/devel/share/gennodejs/ros/gtec_msgs/msg/_index.js
Symlinking /home/leowang707/UWB-gazebo/catkin_ws/devel/share/gennodejs/ros/gtec_msgs/msg/PozyxRangingWithCir.js
Symlinking /home/leowang707/UWB-gazebo/catkin_ws/devel/share/gennodejs/ros/gtec_msgs/msg/ZoneOccupancy.js
Symlinking /home/leowang707/UWB-gazebo/catkin_ws/devel/share/gennodejs/ros/gtec_msgs/msg/RadarFusedPointStamped.js
Symlinking /home/leowang707/UWB-gazebo/catkin_ws/devel/share/gennodejs/ros/gtec_msgs/msg/RadarCube.js
Symlinking /home/leowang707/UWB-gazebo/catkin_ws/devel/share/gennodejs/ros/gtec_msgs/msg/ESP32S2FTMRangingExtra.js
Symlinking /home/leowang707/UWB-gazebo/catkin_ws/devel/share/gennodejs/ros/gtec_msgs/msg/RangingDiff.js
Symlinking /home/leowang707/UWB-gazebo/catkin_ws/devel/share/gennodejs/ros/gtec_msgs/msg/ESP32S2FTMRanging.js
Symlinking /home/leowang707/UWB-gazebo/catkin_ws/devel/share/gennodejs/ros/gtec_msgs/msg/DWRanging.js
Symlinking /home/leowang707/UWB-gazebo/catkin_ws/devel/share/gennodejs/ros/gtec_msgs/msg/RadarRangeDoppler.js
Symlinking /home/leowang707/UWB-gazebo/catkin_ws/devel/share/gennodejs/ros/gtec_msgs/msg/DoorCounterEvent.js
Symlinking /home/leowang707/UWB-gazebo/catkin_ws/devel/share/gennodejs/ros/gtec_msgs/msg/UWBRanging.js
Symlinking /home/leowang707/UWB-gazebo/catkin_ws/devel/share/gennodejs/ros/gtec_msgs/msg/Ranging.js
Symlinking /home/leowang707/UWB-gazebo/catkin_ws/devel/share/gennodejs/ros/gtec_msgs/msg/PozyxRanging.js
Symlinking /home/leowang707/UWB-gazebo/catkin_ws/devel/lib/python3/dist-packages/gtec_msgs/__init__.py
Symlinking /home/leowang707/UWB-gazebo/catkin_ws/devel/lib/python3/dist-packages/gtec_msgs/msg/_ESP32S2FTMRanging.py
Symlinking /home/leowang707/UWB-gazebo/catkin_ws/devel/lib/python3/dist-packages/gtec_msgs/msg/_RadarRangeAzimuth.py
Symlinking /home/leowang707/UWB-gazebo/catkin_ws/devel/lib/python3/dist-packages/gtec_msgs/msg/__init__.py
Symlinking /home/leowang707/UWB-gazebo/catkin_ws/devel/lib/python3/dist-packages/gtec_msgs/msg/_RangingDiff.py
Symlinking /home/leowang707/UWB-gazebo/catkin_ws/devel/lib/python3/dist-packages/gtec_msgs/msg/_ESP32S2FTMRangingExtra.py
Symlinking /home/leowang707/UWB-gazebo/catkin_ws/devel/lib/python3/dist-packages/gtec_msgs/msg/_PozyxRangingWithCir.py
Symlinking /home/leowang707/UWB-gazebo/catkin_ws/devel/lib/python3/dist-packages/gtec_msgs/msg/_ESP32S2FTMFrame.py
Symlinking /home/leowang707/UWB-gazebo/catkin_ws/devel/lib/python3/dist-packages/gtec_msgs/msg/_DoorCounterEvent.py
Symlinking /home/leowang707/UWB-gazebo/catkin_ws/devel/lib/python3/dist-packages/gtec_msgs/msg/_RadarRangeDoppler.py
Symlinking /home/leowang707/UWB-gazebo/catkin_ws/devel/lib/python3/dist-packages/gtec_msgs/msg/_Ranging.py
Symlinking /home/leowang707/UWB-gazebo/catkin_ws/devel/lib/python3/dist-packages/gtec_msgs/msg/_PozyxRanging.py
Symlinking /home/leowang707/UWB-gazebo/catkin_ws/devel/lib/python3/dist-packages/gtec_msgs/msg/_RadarCube.py
Symlinking /home/leowang707/UWB-gazebo/catkin_ws/devel/lib/python3/dist-packages/gtec_msgs/msg/_UWBRanging.py
Symlinking /home/leowang707/UWB-gazebo/catkin_ws/devel/lib/python3/dist-packages/gtec_msgs/msg/_ZoneOccupancy.py
Symlinking /home/leowang707/UWB-gazebo/catkin_ws/devel/lib/python3/dist-packages/gtec_msgs/msg/_GenericRanging.py
Symlinking /home/leowang707/UWB-gazebo/catkin_ws/devel/lib/python3/dist-packages/gtec_msgs/msg/_DWRanging.py
Symlinking /home/leowang707/UWB-gazebo/catkin_ws/devel/lib/python3/dist-packages/gtec_msgs/msg/_RadarFusedPointStamped.py
Symlinking /home/leowang707/UWB-gazebo/catkin_ws/devel/lib/pkgconfig/gtec_msgs.pc
