Linked: (/home/leowang707/UWB-gazebo/catkin_ws/devel/.private/gtec_msgs/include/gtec_msgs/RadarRangeAzimuth.h, /home/leowang707/UWB-gazebo/catkin_ws/devel/include/gtec_msgs/RadarRangeAzimuth.h)
Linked: (/home/leowang707/UWB-gazebo/catkin_ws/devel/.private/gtec_msgs/include/gtec_msgs/PozyxRanging.h, /home/leowang707/UWB-gazebo/catkin_ws/devel/include/gtec_msgs/PozyxRanging.h)
Linked: (/home/leowang707/UWB-gazebo/catkin_ws/devel/.private/gtec_msgs/include/gtec_msgs/RadarRangeDoppler.h, /home/leowang707/UWB-gazebo/catkin_ws/devel/include/gtec_msgs/RadarRangeDoppler.h)
Linked: (/home/leowang707/UWB-gazebo/catkin_ws/devel/.private/gtec_msgs/include/gtec_msgs/RadarFusedPointStamped.h, /home/leowang707/UWB-gazebo/catkin_ws/devel/include/gtec_msgs/RadarFusedPointStamped.h)
Linked: (/home/leowang707/UWB-gazebo/catkin_ws/devel/.private/gtec_msgs/include/gtec_msgs/ESP32S2FTMRanging.h, /home/leowang707/UWB-gazebo/catkin_ws/devel/include/gtec_msgs/ESP32S2FTMRanging.h)
Linked: (/home/leowang707/UWB-gazebo/catkin_ws/devel/.private/gtec_msgs/include/gtec_msgs/GenericRanging.h, /home/leowang707/UWB-gazebo/catkin_ws/devel/include/gtec_msgs/GenericRanging.h)
Linked: (/home/leowang707/UWB-gazebo/catkin_ws/devel/.private/gtec_msgs/include/gtec_msgs/DoorCounterEvent.h, /home/leowang707/UWB-gazebo/catkin_ws/devel/include/gtec_msgs/DoorCounterEvent.h)
Linked: (/home/leowang707/UWB-gazebo/catkin_ws/devel/.private/gtec_msgs/include/gtec_msgs/RangingDiff.h, /home/leowang707/UWB-gazebo/catkin_ws/devel/include/gtec_msgs/RangingDiff.h)
Linked: (/home/leowang707/UWB-gazebo/catkin_ws/devel/.private/gtec_msgs/include/gtec_msgs/ZoneOccupancy.h, /home/leowang707/UWB-gazebo/catkin_ws/devel/include/gtec_msgs/ZoneOccupancy.h)
Linked: (/home/leowang707/UWB-gazebo/catkin_ws/devel/.private/gtec_msgs/include/gtec_msgs/PozyxRangingWithCir.h, /home/leowang707/UWB-gazebo/catkin_ws/devel/include/gtec_msgs/PozyxRangingWithCir.h)
Linked: (/home/leowang707/UWB-gazebo/catkin_ws/devel/.private/gtec_msgs/include/gtec_msgs/Ranging.h, /home/leowang707/UWB-gazebo/catkin_ws/devel/include/gtec_msgs/Ranging.h)
Linked: (/home/leowang707/UWB-gazebo/catkin_ws/devel/.private/gtec_msgs/include/gtec_msgs/DWRanging.h, /home/leowang707/UWB-gazebo/catkin_ws/devel/include/gtec_msgs/DWRanging.h)
Linked: (/home/leowang707/UWB-gazebo/catkin_ws/devel/.private/gtec_msgs/include/gtec_msgs/UWBRanging.h, /home/leowang707/UWB-gazebo/catkin_ws/devel/include/gtec_msgs/UWBRanging.h)
Linked: (/home/leowang707/UWB-gazebo/catkin_ws/devel/.private/gtec_msgs/include/gtec_msgs/RadarCube.h, /home/leowang707/UWB-gazebo/catkin_ws/devel/include/gtec_msgs/RadarCube.h)
Linked: (/home/leowang707/UWB-gazebo/catkin_ws/devel/.private/gtec_msgs/include/gtec_msgs/ESP32S2FTMFrame.h, /home/leowang707/UWB-gazebo/catkin_ws/devel/include/gtec_msgs/ESP32S2FTMFrame.h)
Linked: (/home/leowang707/UWB-gazebo/catkin_ws/devel/.private/gtec_msgs/include/gtec_msgs/ESP32S2FTMRangingExtra.h, /home/leowang707/UWB-gazebo/catkin_ws/devel/include/gtec_msgs/ESP32S2FTMRangingExtra.h)
Linked: (/home/leowang707/UWB-gazebo/catkin_ws/devel/.private/gtec_msgs/share/common-lisp/ros/gtec_msgs/msg/ESP32S2FTMRangingExtra.lisp, /home/leowang707/UWB-gazebo/catkin_ws/devel/share/common-lisp/ros/gtec_msgs/msg/ESP32S2FTMRangingExtra.lisp)
Linked: (/home/leowang707/UWB-gazebo/catkin_ws/devel/.private/gtec_msgs/share/common-lisp/ros/gtec_msgs/msg/_package_DWRanging.lisp, /home/leowang707/UWB-gazebo/catkin_ws/devel/share/common-lisp/ros/gtec_msgs/msg/_package_DWRanging.lisp)
Linked: (/home/leowang707/UWB-gazebo/catkin_ws/devel/.private/gtec_msgs/share/common-lisp/ros/gtec_msgs/msg/_package_RadarCube.lisp, /home/leowang707/UWB-gazebo/catkin_ws/devel/share/common-lisp/ros/gtec_msgs/msg/_package_RadarCube.lisp)
Linked: (/home/leowang707/UWB-gazebo/catkin_ws/devel/.private/gtec_msgs/share/common-lisp/ros/gtec_msgs/msg/_package_Ranging.lisp, /home/leowang707/UWB-gazebo/catkin_ws/devel/share/common-lisp/ros/gtec_msgs/msg/_package_Ranging.lisp)
Linked: (/home/leowang707/UWB-gazebo/catkin_ws/devel/.private/gtec_msgs/share/common-lisp/ros/gtec_msgs/msg/_package_ESP32S2FTMFrame.lisp, /home/leowang707/UWB-gazebo/catkin_ws/devel/share/common-lisp/ros/gtec_msgs/msg/_package_ESP32S2FTMFrame.lisp)
Linked: (/home/leowang707/UWB-gazebo/catkin_ws/devel/.private/gtec_msgs/share/common-lisp/ros/gtec_msgs/msg/_package_RadarRangeDoppler.lisp, /home/leowang707/UWB-gazebo/catkin_ws/devel/share/common-lisp/ros/gtec_msgs/msg/_package_RadarRangeDoppler.lisp)
Linked: (/home/leowang707/UWB-gazebo/catkin_ws/devel/.private/gtec_msgs/share/common-lisp/ros/gtec_msgs/msg/UWBRanging.lisp, /home/leowang707/UWB-gazebo/catkin_ws/devel/share/common-lisp/ros/gtec_msgs/msg/UWBRanging.lisp)
Linked: (/home/leowang707/UWB-gazebo/catkin_ws/devel/.private/gtec_msgs/share/common-lisp/ros/gtec_msgs/msg/gtec_msgs-msg.asd, /home/leowang707/UWB-gazebo/catkin_ws/devel/share/common-lisp/ros/gtec_msgs/msg/gtec_msgs-msg.asd)
Linked: (/home/leowang707/UWB-gazebo/catkin_ws/devel/.private/gtec_msgs/share/common-lisp/ros/gtec_msgs/msg/RadarCube.lisp, /home/leowang707/UWB-gazebo/catkin_ws/devel/share/common-lisp/ros/gtec_msgs/msg/RadarCube.lisp)
Linked: (/home/leowang707/UWB-gazebo/catkin_ws/devel/.private/gtec_msgs/share/common-lisp/ros/gtec_msgs/msg/_package_UWBRanging.lisp, /home/leowang707/UWB-gazebo/catkin_ws/devel/share/common-lisp/ros/gtec_msgs/msg/_package_UWBRanging.lisp)
Linked: (/home/leowang707/UWB-gazebo/catkin_ws/devel/.private/gtec_msgs/share/common-lisp/ros/gtec_msgs/msg/_package_RangingDiff.lisp, /home/leowang707/UWB-gazebo/catkin_ws/devel/share/common-lisp/ros/gtec_msgs/msg/_package_RangingDiff.lisp)
Linked: (/home/leowang707/UWB-gazebo/catkin_ws/devel/.private/gtec_msgs/share/common-lisp/ros/gtec_msgs/msg/PozyxRanging.lisp, /home/leowang707/UWB-gazebo/catkin_ws/devel/share/common-lisp/ros/gtec_msgs/msg/PozyxRanging.lisp)
Linked: (/home/leowang707/UWB-gazebo/catkin_ws/devel/.private/gtec_msgs/share/common-lisp/ros/gtec_msgs/msg/PozyxRangingWithCir.lisp, /home/leowang707/UWB-gazebo/catkin_ws/devel/share/common-lisp/ros/gtec_msgs/msg/PozyxRangingWithCir.lisp)
Linked: (/home/leowang707/UWB-gazebo/catkin_ws/devel/.private/gtec_msgs/share/common-lisp/ros/gtec_msgs/msg/_package_DoorCounterEvent.lisp, /home/leowang707/UWB-gazebo/catkin_ws/devel/share/common-lisp/ros/gtec_msgs/msg/_package_DoorCounterEvent.lisp)
Linked: (/home/leowang707/UWB-gazebo/catkin_ws/devel/.private/gtec_msgs/share/common-lisp/ros/gtec_msgs/msg/_package_RadarFusedPointStamped.lisp, /home/leowang707/UWB-gazebo/catkin_ws/devel/share/common-lisp/ros/gtec_msgs/msg/_package_RadarFusedPointStamped.lisp)
Linked: (/home/leowang707/UWB-gazebo/catkin_ws/devel/.private/gtec_msgs/share/common-lisp/ros/gtec_msgs/msg/_package_PozyxRangingWithCir.lisp, /home/leowang707/UWB-gazebo/catkin_ws/devel/share/common-lisp/ros/gtec_msgs/msg/_package_PozyxRangingWithCir.lisp)
Linked: (/home/leowang707/UWB-gazebo/catkin_ws/devel/.private/gtec_msgs/share/common-lisp/ros/gtec_msgs/msg/RadarRangeAzimuth.lisp, /home/leowang707/UWB-gazebo/catkin_ws/devel/share/common-lisp/ros/gtec_msgs/msg/RadarRangeAzimuth.lisp)
Linked: (/home/leowang707/UWB-gazebo/catkin_ws/devel/.private/gtec_msgs/share/common-lisp/ros/gtec_msgs/msg/_package_GenericRanging.lisp, /home/leowang707/UWB-gazebo/catkin_ws/devel/share/common-lisp/ros/gtec_msgs/msg/_package_GenericRanging.lisp)
Linked: (/home/leowang707/UWB-gazebo/catkin_ws/devel/.private/gtec_msgs/share/common-lisp/ros/gtec_msgs/msg/_package_RadarRangeAzimuth.lisp, /home/leowang707/UWB-gazebo/catkin_ws/devel/share/common-lisp/ros/gtec_msgs/msg/_package_RadarRangeAzimuth.lisp)
Linked: (/home/leowang707/UWB-gazebo/catkin_ws/devel/.private/gtec_msgs/share/common-lisp/ros/gtec_msgs/msg/GenericRanging.lisp, /home/leowang707/UWB-gazebo/catkin_ws/devel/share/common-lisp/ros/gtec_msgs/msg/GenericRanging.lisp)
Linked: (/home/leowang707/UWB-gazebo/catkin_ws/devel/.private/gtec_msgs/share/common-lisp/ros/gtec_msgs/msg/RangingDiff.lisp, /home/leowang707/UWB-gazebo/catkin_ws/devel/share/common-lisp/ros/gtec_msgs/msg/RangingDiff.lisp)
Linked: (/home/leowang707/UWB-gazebo/catkin_ws/devel/.private/gtec_msgs/share/common-lisp/ros/gtec_msgs/msg/ESP32S2FTMRanging.lisp, /home/leowang707/UWB-gazebo/catkin_ws/devel/share/common-lisp/ros/gtec_msgs/msg/ESP32S2FTMRanging.lisp)
Linked: (/home/leowang707/UWB-gazebo/catkin_ws/devel/.private/gtec_msgs/share/common-lisp/ros/gtec_msgs/msg/RadarFusedPointStamped.lisp, /home/leowang707/UWB-gazebo/catkin_ws/devel/share/common-lisp/ros/gtec_msgs/msg/RadarFusedPointStamped.lisp)
Linked: (/home/leowang707/UWB-gazebo/catkin_ws/devel/.private/gtec_msgs/share/common-lisp/ros/gtec_msgs/msg/_package_PozyxRanging.lisp, /home/leowang707/UWB-gazebo/catkin_ws/devel/share/common-lisp/ros/gtec_msgs/msg/_package_PozyxRanging.lisp)
Linked: (/home/leowang707/UWB-gazebo/catkin_ws/devel/.private/gtec_msgs/share/common-lisp/ros/gtec_msgs/msg/_package.lisp, /home/leowang707/UWB-gazebo/catkin_ws/devel/share/common-lisp/ros/gtec_msgs/msg/_package.lisp)
Linked: (/home/leowang707/UWB-gazebo/catkin_ws/devel/.private/gtec_msgs/share/common-lisp/ros/gtec_msgs/msg/ESP32S2FTMFrame.lisp, /home/leowang707/UWB-gazebo/catkin_ws/devel/share/common-lisp/ros/gtec_msgs/msg/ESP32S2FTMFrame.lisp)
Linked: (/home/leowang707/UWB-gazebo/catkin_ws/devel/.private/gtec_msgs/share/common-lisp/ros/gtec_msgs/msg/RadarRangeDoppler.lisp, /home/leowang707/UWB-gazebo/catkin_ws/devel/share/common-lisp/ros/gtec_msgs/msg/RadarRangeDoppler.lisp)
Linked: (/home/leowang707/UWB-gazebo/catkin_ws/devel/.private/gtec_msgs/share/common-lisp/ros/gtec_msgs/msg/_package_ESP32S2FTMRanging.lisp, /home/leowang707/UWB-gazebo/catkin_ws/devel/share/common-lisp/ros/gtec_msgs/msg/_package_ESP32S2FTMRanging.lisp)
Linked: (/home/leowang707/UWB-gazebo/catkin_ws/devel/.private/gtec_msgs/share/common-lisp/ros/gtec_msgs/msg/DWRanging.lisp, /home/leowang707/UWB-gazebo/catkin_ws/devel/share/common-lisp/ros/gtec_msgs/msg/DWRanging.lisp)
Linked: (/home/leowang707/UWB-gazebo/catkin_ws/devel/.private/gtec_msgs/share/common-lisp/ros/gtec_msgs/msg/Ranging.lisp, /home/leowang707/UWB-gazebo/catkin_ws/devel/share/common-lisp/ros/gtec_msgs/msg/Ranging.lisp)
Linked: (/home/leowang707/UWB-gazebo/catkin_ws/devel/.private/gtec_msgs/share/common-lisp/ros/gtec_msgs/msg/DoorCounterEvent.lisp, /home/leowang707/UWB-gazebo/catkin_ws/devel/share/common-lisp/ros/gtec_msgs/msg/DoorCounterEvent.lisp)
Linked: (/home/leowang707/UWB-gazebo/catkin_ws/devel/.private/gtec_msgs/share/common-lisp/ros/gtec_msgs/msg/ZoneOccupancy.lisp, /home/leowang707/UWB-gazebo/catkin_ws/devel/share/common-lisp/ros/gtec_msgs/msg/ZoneOccupancy.lisp)
Linked: (/home/leowang707/UWB-gazebo/catkin_ws/devel/.private/gtec_msgs/share/common-lisp/ros/gtec_msgs/msg/_package_ESP32S2FTMRangingExtra.lisp, /home/leowang707/UWB-gazebo/catkin_ws/devel/share/common-lisp/ros/gtec_msgs/msg/_package_ESP32S2FTMRangingExtra.lisp)
Linked: (/home/leowang707/UWB-gazebo/catkin_ws/devel/.private/gtec_msgs/share/common-lisp/ros/gtec_msgs/msg/_package_ZoneOccupancy.lisp, /home/leowang707/UWB-gazebo/catkin_ws/devel/share/common-lisp/ros/gtec_msgs/msg/_package_ZoneOccupancy.lisp)
Linked: (/home/leowang707/UWB-gazebo/catkin_ws/devel/.private/gtec_msgs/share/roseus/ros/gtec_msgs/manifest.l, /home/leowang707/UWB-gazebo/catkin_ws/devel/share/roseus/ros/gtec_msgs/manifest.l)
Linked: (/home/leowang707/UWB-gazebo/catkin_ws/devel/.private/gtec_msgs/share/roseus/ros/gtec_msgs/msg/PozyxRangingWithCir.l, /home/leowang707/UWB-gazebo/catkin_ws/devel/share/roseus/ros/gtec_msgs/msg/PozyxRangingWithCir.l)
Linked: (/home/leowang707/UWB-gazebo/catkin_ws/devel/.private/gtec_msgs/share/roseus/ros/gtec_msgs/msg/UWBRanging.l, /home/leowang707/UWB-gazebo/catkin_ws/devel/share/roseus/ros/gtec_msgs/msg/UWBRanging.l)
Linked: (/home/leowang707/UWB-gazebo/catkin_ws/devel/.private/gtec_msgs/share/roseus/ros/gtec_msgs/msg/RadarCube.l, /home/leowang707/UWB-gazebo/catkin_ws/devel/share/roseus/ros/gtec_msgs/msg/RadarCube.l)
Linked: (/home/leowang707/UWB-gazebo/catkin_ws/devel/.private/gtec_msgs/share/roseus/ros/gtec_msgs/msg/RadarFusedPointStamped.l, /home/leowang707/UWB-gazebo/catkin_ws/devel/share/roseus/ros/gtec_msgs/msg/RadarFusedPointStamped.l)
Linked: (/home/leowang707/UWB-gazebo/catkin_ws/devel/.private/gtec_msgs/share/roseus/ros/gtec_msgs/msg/ESP32S2FTMRanging.l, /home/leowang707/UWB-gazebo/catkin_ws/devel/share/roseus/ros/gtec_msgs/msg/ESP32S2FTMRanging.l)
Linked: (/home/leowang707/UWB-gazebo/catkin_ws/devel/.private/gtec_msgs/share/roseus/ros/gtec_msgs/msg/ZoneOccupancy.l, /home/leowang707/UWB-gazebo/catkin_ws/devel/share/roseus/ros/gtec_msgs/msg/ZoneOccupancy.l)
Linked: (/home/leowang707/UWB-gazebo/catkin_ws/devel/.private/gtec_msgs/share/roseus/ros/gtec_msgs/msg/GenericRanging.l, /home/leowang707/UWB-gazebo/catkin_ws/devel/share/roseus/ros/gtec_msgs/msg/GenericRanging.l)
Linked: (/home/leowang707/UWB-gazebo/catkin_ws/devel/.private/gtec_msgs/share/roseus/ros/gtec_msgs/msg/ESP32S2FTMFrame.l, /home/leowang707/UWB-gazebo/catkin_ws/devel/share/roseus/ros/gtec_msgs/msg/ESP32S2FTMFrame.l)
Linked: (/home/leowang707/UWB-gazebo/catkin_ws/devel/.private/gtec_msgs/share/roseus/ros/gtec_msgs/msg/ESP32S2FTMRangingExtra.l, /home/leowang707/UWB-gazebo/catkin_ws/devel/share/roseus/ros/gtec_msgs/msg/ESP32S2FTMRangingExtra.l)
Linked: (/home/leowang707/UWB-gazebo/catkin_ws/devel/.private/gtec_msgs/share/roseus/ros/gtec_msgs/msg/RadarRangeAzimuth.l, /home/leowang707/UWB-gazebo/catkin_ws/devel/share/roseus/ros/gtec_msgs/msg/RadarRangeAzimuth.l)
Linked: (/home/leowang707/UWB-gazebo/catkin_ws/devel/.private/gtec_msgs/share/roseus/ros/gtec_msgs/msg/RadarRangeDoppler.l, /home/leowang707/UWB-gazebo/catkin_ws/devel/share/roseus/ros/gtec_msgs/msg/RadarRangeDoppler.l)
Linked: (/home/leowang707/UWB-gazebo/catkin_ws/devel/.private/gtec_msgs/share/roseus/ros/gtec_msgs/msg/Ranging.l, /home/leowang707/UWB-gazebo/catkin_ws/devel/share/roseus/ros/gtec_msgs/msg/Ranging.l)
Linked: (/home/leowang707/UWB-gazebo/catkin_ws/devel/.private/gtec_msgs/share/roseus/ros/gtec_msgs/msg/RangingDiff.l, /home/leowang707/UWB-gazebo/catkin_ws/devel/share/roseus/ros/gtec_msgs/msg/RangingDiff.l)
Linked: (/home/leowang707/UWB-gazebo/catkin_ws/devel/.private/gtec_msgs/share/roseus/ros/gtec_msgs/msg/DWRanging.l, /home/leowang707/UWB-gazebo/catkin_ws/devel/share/roseus/ros/gtec_msgs/msg/DWRanging.l)
Linked: (/home/leowang707/UWB-gazebo/catkin_ws/devel/.private/gtec_msgs/share/roseus/ros/gtec_msgs/msg/PozyxRanging.l, /home/leowang707/UWB-gazebo/catkin_ws/devel/share/roseus/ros/gtec_msgs/msg/PozyxRanging.l)
Linked: (/home/leowang707/UWB-gazebo/catkin_ws/devel/.private/gtec_msgs/share/roseus/ros/gtec_msgs/msg/DoorCounterEvent.l, /home/leowang707/UWB-gazebo/catkin_ws/devel/share/roseus/ros/gtec_msgs/msg/DoorCounterEvent.l)
Linked: (/home/leowang707/UWB-gazebo/catkin_ws/devel/.private/gtec_msgs/share/gtec_msgs/cmake/gtec_msgs-msg-extras.cmake, /home/leowang707/UWB-gazebo/catkin_ws/devel/share/gtec_msgs/cmake/gtec_msgs-msg-extras.cmake)
Linked: (/home/leowang707/UWB-gazebo/catkin_ws/devel/.private/gtec_msgs/share/gtec_msgs/cmake/gtec_msgsConfig-version.cmake, /home/leowang707/UWB-gazebo/catkin_ws/devel/share/gtec_msgs/cmake/gtec_msgsConfig-version.cmake)
Linked: (/home/leowang707/UWB-gazebo/catkin_ws/devel/.private/gtec_msgs/share/gtec_msgs/cmake/gtec_msgs-msg-paths.cmake, /home/leowang707/UWB-gazebo/catkin_ws/devel/share/gtec_msgs/cmake/gtec_msgs-msg-paths.cmake)
Linked: (/home/leowang707/UWB-gazebo/catkin_ws/devel/.private/gtec_msgs/share/gtec_msgs/cmake/gtec_msgsConfig.cmake, /home/leowang707/UWB-gazebo/catkin_ws/devel/share/gtec_msgs/cmake/gtec_msgsConfig.cmake)
Linked: (/home/leowang707/UWB-gazebo/catkin_ws/devel/.private/gtec_msgs/share/gennodejs/ros/gtec_msgs/_index.js, /home/leowang707/UWB-gazebo/catkin_ws/devel/share/gennodejs/ros/gtec_msgs/_index.js)
Linked: (/home/leowang707/UWB-gazebo/catkin_ws/devel/.private/gtec_msgs/share/gennodejs/ros/gtec_msgs/msg/ESP32S2FTMFrame.js, /home/leowang707/UWB-gazebo/catkin_ws/devel/share/gennodejs/ros/gtec_msgs/msg/ESP32S2FTMFrame.js)
Linked: (/home/leowang707/UWB-gazebo/catkin_ws/devel/.private/gtec_msgs/share/gennodejs/ros/gtec_msgs/msg/RadarRangeAzimuth.js, /home/leowang707/UWB-gazebo/catkin_ws/devel/share/gennodejs/ros/gtec_msgs/msg/RadarRangeAzimuth.js)
Linked: (/home/leowang707/UWB-gazebo/catkin_ws/devel/.private/gtec_msgs/share/gennodejs/ros/gtec_msgs/msg/GenericRanging.js, /home/leowang707/UWB-gazebo/catkin_ws/devel/share/gennodejs/ros/gtec_msgs/msg/GenericRanging.js)
Linked: (/home/leowang707/UWB-gazebo/catkin_ws/devel/.private/gtec_msgs/share/gennodejs/ros/gtec_msgs/msg/_index.js, /home/leowang707/UWB-gazebo/catkin_ws/devel/share/gennodejs/ros/gtec_msgs/msg/_index.js)
Linked: (/home/leowang707/UWB-gazebo/catkin_ws/devel/.private/gtec_msgs/share/gennodejs/ros/gtec_msgs/msg/PozyxRangingWithCir.js, /home/leowang707/UWB-gazebo/catkin_ws/devel/share/gennodejs/ros/gtec_msgs/msg/PozyxRangingWithCir.js)
Linked: (/home/leowang707/UWB-gazebo/catkin_ws/devel/.private/gtec_msgs/share/gennodejs/ros/gtec_msgs/msg/ZoneOccupancy.js, /home/leowang707/UWB-gazebo/catkin_ws/devel/share/gennodejs/ros/gtec_msgs/msg/ZoneOccupancy.js)
Linked: (/home/leowang707/UWB-gazebo/catkin_ws/devel/.private/gtec_msgs/share/gennodejs/ros/gtec_msgs/msg/RadarFusedPointStamped.js, /home/leowang707/UWB-gazebo/catkin_ws/devel/share/gennodejs/ros/gtec_msgs/msg/RadarFusedPointStamped.js)
Linked: (/home/leowang707/UWB-gazebo/catkin_ws/devel/.private/gtec_msgs/share/gennodejs/ros/gtec_msgs/msg/RadarCube.js, /home/leowang707/UWB-gazebo/catkin_ws/devel/share/gennodejs/ros/gtec_msgs/msg/RadarCube.js)
Linked: (/home/leowang707/UWB-gazebo/catkin_ws/devel/.private/gtec_msgs/share/gennodejs/ros/gtec_msgs/msg/ESP32S2FTMRangingExtra.js, /home/leowang707/UWB-gazebo/catkin_ws/devel/share/gennodejs/ros/gtec_msgs/msg/ESP32S2FTMRangingExtra.js)
Linked: (/home/leowang707/UWB-gazebo/catkin_ws/devel/.private/gtec_msgs/share/gennodejs/ros/gtec_msgs/msg/RangingDiff.js, /home/leowang707/UWB-gazebo/catkin_ws/devel/share/gennodejs/ros/gtec_msgs/msg/RangingDiff.js)
Linked: (/home/leowang707/UWB-gazebo/catkin_ws/devel/.private/gtec_msgs/share/gennodejs/ros/gtec_msgs/msg/ESP32S2FTMRanging.js, /home/leowang707/UWB-gazebo/catkin_ws/devel/share/gennodejs/ros/gtec_msgs/msg/ESP32S2FTMRanging.js)
Linked: (/home/leowang707/UWB-gazebo/catkin_ws/devel/.private/gtec_msgs/share/gennodejs/ros/gtec_msgs/msg/DWRanging.js, /home/leowang707/UWB-gazebo/catkin_ws/devel/share/gennodejs/ros/gtec_msgs/msg/DWRanging.js)
Linked: (/home/leowang707/UWB-gazebo/catkin_ws/devel/.private/gtec_msgs/share/gennodejs/ros/gtec_msgs/msg/RadarRangeDoppler.js, /home/leowang707/UWB-gazebo/catkin_ws/devel/share/gennodejs/ros/gtec_msgs/msg/RadarRangeDoppler.js)
Linked: (/home/leowang707/UWB-gazebo/catkin_ws/devel/.private/gtec_msgs/share/gennodejs/ros/gtec_msgs/msg/DoorCounterEvent.js, /home/leowang707/UWB-gazebo/catkin_ws/devel/share/gennodejs/ros/gtec_msgs/msg/DoorCounterEvent.js)
Linked: (/home/leowang707/UWB-gazebo/catkin_ws/devel/.private/gtec_msgs/share/gennodejs/ros/gtec_msgs/msg/UWBRanging.js, /home/leowang707/UWB-gazebo/catkin_ws/devel/share/gennodejs/ros/gtec_msgs/msg/UWBRanging.js)
Linked: (/home/leowang707/UWB-gazebo/catkin_ws/devel/.private/gtec_msgs/share/gennodejs/ros/gtec_msgs/msg/Ranging.js, /home/leowang707/UWB-gazebo/catkin_ws/devel/share/gennodejs/ros/gtec_msgs/msg/Ranging.js)
Linked: (/home/leowang707/UWB-gazebo/catkin_ws/devel/.private/gtec_msgs/share/gennodejs/ros/gtec_msgs/msg/PozyxRanging.js, /home/leowang707/UWB-gazebo/catkin_ws/devel/share/gennodejs/ros/gtec_msgs/msg/PozyxRanging.js)
Linked: (/home/leowang707/UWB-gazebo/catkin_ws/devel/.private/gtec_msgs/lib/python3/dist-packages/gtec_msgs/__init__.py, /home/leowang707/UWB-gazebo/catkin_ws/devel/lib/python3/dist-packages/gtec_msgs/__init__.py)
Linked: (/home/leowang707/UWB-gazebo/catkin_ws/devel/.private/gtec_msgs/lib/python3/dist-packages/gtec_msgs/msg/_ESP32S2FTMRanging.py, /home/leowang707/UWB-gazebo/catkin_ws/devel/lib/python3/dist-packages/gtec_msgs/msg/_ESP32S2FTMRanging.py)
Linked: (/home/leowang707/UWB-gazebo/catkin_ws/devel/.private/gtec_msgs/lib/python3/dist-packages/gtec_msgs/msg/_RadarRangeAzimuth.py, /home/leowang707/UWB-gazebo/catkin_ws/devel/lib/python3/dist-packages/gtec_msgs/msg/_RadarRangeAzimuth.py)
Linked: (/home/leowang707/UWB-gazebo/catkin_ws/devel/.private/gtec_msgs/lib/python3/dist-packages/gtec_msgs/msg/__init__.py, /home/leowang707/UWB-gazebo/catkin_ws/devel/lib/python3/dist-packages/gtec_msgs/msg/__init__.py)
Linked: (/home/leowang707/UWB-gazebo/catkin_ws/devel/.private/gtec_msgs/lib/python3/dist-packages/gtec_msgs/msg/_RangingDiff.py, /home/leowang707/UWB-gazebo/catkin_ws/devel/lib/python3/dist-packages/gtec_msgs/msg/_RangingDiff.py)
Linked: (/home/leowang707/UWB-gazebo/catkin_ws/devel/.private/gtec_msgs/lib/python3/dist-packages/gtec_msgs/msg/_ESP32S2FTMRangingExtra.py, /home/leowang707/UWB-gazebo/catkin_ws/devel/lib/python3/dist-packages/gtec_msgs/msg/_ESP32S2FTMRangingExtra.py)
Linked: (/home/leowang707/UWB-gazebo/catkin_ws/devel/.private/gtec_msgs/lib/python3/dist-packages/gtec_msgs/msg/_PozyxRangingWithCir.py, /home/leowang707/UWB-gazebo/catkin_ws/devel/lib/python3/dist-packages/gtec_msgs/msg/_PozyxRangingWithCir.py)
Linked: (/home/leowang707/UWB-gazebo/catkin_ws/devel/.private/gtec_msgs/lib/python3/dist-packages/gtec_msgs/msg/_ESP32S2FTMFrame.py, /home/leowang707/UWB-gazebo/catkin_ws/devel/lib/python3/dist-packages/gtec_msgs/msg/_ESP32S2FTMFrame.py)
Linked: (/home/leowang707/UWB-gazebo/catkin_ws/devel/.private/gtec_msgs/lib/python3/dist-packages/gtec_msgs/msg/_DoorCounterEvent.py, /home/leowang707/UWB-gazebo/catkin_ws/devel/lib/python3/dist-packages/gtec_msgs/msg/_DoorCounterEvent.py)
Linked: (/home/leowang707/UWB-gazebo/catkin_ws/devel/.private/gtec_msgs/lib/python3/dist-packages/gtec_msgs/msg/_RadarRangeDoppler.py, /home/leowang707/UWB-gazebo/catkin_ws/devel/lib/python3/dist-packages/gtec_msgs/msg/_RadarRangeDoppler.py)
Linked: (/home/leowang707/UWB-gazebo/catkin_ws/devel/.private/gtec_msgs/lib/python3/dist-packages/gtec_msgs/msg/_Ranging.py, /home/leowang707/UWB-gazebo/catkin_ws/devel/lib/python3/dist-packages/gtec_msgs/msg/_Ranging.py)
Linked: (/home/leowang707/UWB-gazebo/catkin_ws/devel/.private/gtec_msgs/lib/python3/dist-packages/gtec_msgs/msg/_PozyxRanging.py, /home/leowang707/UWB-gazebo/catkin_ws/devel/lib/python3/dist-packages/gtec_msgs/msg/_PozyxRanging.py)
Linked: (/home/leowang707/UWB-gazebo/catkin_ws/devel/.private/gtec_msgs/lib/python3/dist-packages/gtec_msgs/msg/_RadarCube.py, /home/leowang707/UWB-gazebo/catkin_ws/devel/lib/python3/dist-packages/gtec_msgs/msg/_RadarCube.py)
Linked: (/home/leowang707/UWB-gazebo/catkin_ws/devel/.private/gtec_msgs/lib/python3/dist-packages/gtec_msgs/msg/_UWBRanging.py, /home/leowang707/UWB-gazebo/catkin_ws/devel/lib/python3/dist-packages/gtec_msgs/msg/_UWBRanging.py)
Linked: (/home/leowang707/UWB-gazebo/catkin_ws/devel/.private/gtec_msgs/lib/python3/dist-packages/gtec_msgs/msg/_ZoneOccupancy.py, /home/leowang707/UWB-gazebo/catkin_ws/devel/lib/python3/dist-packages/gtec_msgs/msg/_ZoneOccupancy.py)
Linked: (/home/leowang707/UWB-gazebo/catkin_ws/devel/.private/gtec_msgs/lib/python3/dist-packages/gtec_msgs/msg/_GenericRanging.py, /home/leowang707/UWB-gazebo/catkin_ws/devel/lib/python3/dist-packages/gtec_msgs/msg/_GenericRanging.py)
Linked: (/home/leowang707/UWB-gazebo/catkin_ws/devel/.private/gtec_msgs/lib/python3/dist-packages/gtec_msgs/msg/_DWRanging.py, /home/leowang707/UWB-gazebo/catkin_ws/devel/lib/python3/dist-packages/gtec_msgs/msg/_DWRanging.py)
Linked: (/home/leowang707/UWB-gazebo/catkin_ws/devel/.private/gtec_msgs/lib/python3/dist-packages/gtec_msgs/msg/_RadarFusedPointStamped.py, /home/leowang707/UWB-gazebo/catkin_ws/devel/lib/python3/dist-packages/gtec_msgs/msg/_RadarFusedPointStamped.py)
Linked: (/home/leowang707/UWB-gazebo/catkin_ws/devel/.private/gtec_msgs/lib/pkgconfig/gtec_msgs.pc, /home/leowang707/UWB-gazebo/catkin_ws/devel/lib/pkgconfig/gtec_msgs.pc)
